[ 2017-03-27T20:03:16+08:00 ] ::1 /github/demo2/index.php/home//controller/user/index
ERR: 无法加载控制器:Controller

[ 2017-03-27T20:04:00+08:00 ] ::1 /github/demo2/index.php/home/controller/user/index
ERR: 无法加载控制器:Controller

[ 2017-03-27T20:04:04+08:00 ] ::1 /github/demo2/index.php/home/controller/user/index
ERR: 无法加载控制器:Controller

[ 2017-03-27T20:22:25+08:00 ] ::1 /github/demo2/index.php/home/user/upadte
ERR: 非法操作:upadte

[ 2017-03-27T20:31:01+08:00 ] ::1 /github/demo2/index.php/home/user/add
ERR: Access denied for user 'root'@'localhost' (using password: YES)

[ 2017-03-27T20:31:19+08:00 ] ::1 /github/demo2/index.php/home/user/add
ERR: Access denied for user 'root'@'localhost' (using password: YES)

[ 2017-03-27T20:31:21+08:00 ] ::1 /github/demo2/index.php/home/user/add
ERR: Access denied for user 'root'@'localhost' (using password: YES)

[ 2017-03-27T20:31:21+08:00 ] ::1 /github/demo2/index.php/home/user/add
ERR: Access denied for user 'root'@'localhost' (using password: YES)

[ 2017-03-27T20:31:21+08:00 ] ::1 /github/demo2/index.php/home/user/add
ERR: Access denied for user 'root'@'localhost' (using password: YES)

[ 2017-03-27T20:31:22+08:00 ] ::1 /github/demo2/index.php/home/user/add
ERR: Access denied for user 'root'@'localhost' (using password: YES)

[ 2017-03-27T20:31:37+08:00 ] ::1 /github/demo2/index.php/home/user/add
ERR: Access denied for user 'root'@'localhost' (using password: YES)

[ 2017-03-27T20:31:39+08:00 ] ::1 /github/demo2/index.php/home/user/add
ERR: Access denied for user 'root'@'localhost' (using password: YES)

