[ 2017-03-28T10:18:43+08:00 ] ::1 /demo2/index.php/home/user/del
ERR: 非法操作:del

[ 2017-03-28T13:20:49+08:00 ] ::1 /demo2/index.php/home/user/add
INFO: [ app_begin ] --START--
INFO: Run Behavior\ReadHtmlCacheBehavior [ RunTime:0.001000s ]
INFO: [ app_begin ] --END-- [ RunTime:0.001000s ]
NOTIC: [8192] mysql_connect(): The mysql extension is deprecated and will be removed in the future: use mysqli or PDO instead E:\AppServ\www\demo2\ThinkPHP\Library\Think\Db\Driver\Mysql.class.php 第 52 行.
SQL: SHOW COLUMNS FROM `think_user` [ RunTime:0.001000s ]
SQL: INSERT INTO `think_user` (`name`) VALUES ('name') [ RunTime:0.003000s ]
INFO: [ app_end ] --START--
INFO: Run Behavior\ShowPageTraceBehavior [ RunTime:0.001000s ]
INFO: [ app_end ] --END-- [ RunTime:0.001000s ]

[ 2017-03-28T13:21:02+08:00 ] ::1 /demo2/index.php/home/user/add
INFO: [ app_begin ] --START--
INFO: Run Behavior\ReadHtmlCacheBehavior [ RunTime:0.001000s ]
INFO: [ app_begin ] --END-- [ RunTime:0.001000s ]
NOTIC: [8192] mysql_connect(): The mysql extension is deprecated and will be removed in the future: use mysqli or PDO instead E:\AppServ\www\demo2\ThinkPHP\Library\Think\Db\Driver\Mysql.class.php 第 52 行.
SQL: SHOW COLUMNS FROM `think_user` [ RunTime:0.001000s ]
SQL: INSERT INTO `think_user` (`name`) VALUES ('123456') [ RunTime:0.003000s ]
INFO: [ app_end ] --START--
INFO: Run Behavior\ShowPageTraceBehavior [ RunTime:0.002000s ]
INFO: [ app_end ] --END-- [ RunTime:0.002000s ]

[ 2017-03-28T16:53:23+08:00 ] ::1 /demo2/index.php/home/user/selectName
ERR: 无法加载控制器:User

