[ 2017-03-24T09:38:46+08:00 ] ::1 /demo2/
INFO: [ app_init ] --START--
INFO: Run Behavior\BuildLiteBehavior [ RunTime:0.000000s ]
INFO: [ app_init ] --END-- [ RunTime:0.003000s ]
INFO: [ app_begin ] --START--
INFO: Run Behavior\ReadHtmlCacheBehavior [ RunTime:0.001000s ]
INFO: [ app_begin ] --END-- [ RunTime:0.001000s ]
INFO: [ view_parse ] --START--
INFO: [ template_filter ] --START--
INFO: Run Behavior\ContentReplaceBehavior [ RunTime:0.000000s ]
INFO: [ template_filter ] --END-- [ RunTime:0.000000s ]
INFO: Run Behavior\ParseTemplateBehavior [ RunTime:0.008000s ]
INFO: [ view_parse ] --END-- [ RunTime:0.008000s ]
INFO: [ view_filter ] --START--
INFO: Run Behavior\WriteHtmlCacheBehavior [ RunTime:0.000000s ]
INFO: [ view_filter ] --END-- [ RunTime:0.000000s ]
INFO: [ app_end ] --START--
INFO: Run Behavior\ShowPageTraceBehavior [ RunTime:0.001000s ]
INFO: [ app_end ] --END-- [ RunTime:0.001000s ]

[ 2017-03-24T09:41:40+08:00 ] ::1 /demo2/index.php/home/user
INFO: [ app_init ] --START--
INFO: Run Behavior\BuildLiteBehavior [ RunTime:0.000000s ]
INFO: [ app_init ] --END-- [ RunTime:0.000000s ]
INFO: [ app_begin ] --START--
INFO: Run Behavior\ReadHtmlCacheBehavior [ RunTime:0.000000s ]
INFO: [ app_begin ] --END-- [ RunTime:0.000000s ]
ERR: 无法加载控制器:User

[ 2017-03-24T09:42:09+08:00 ] ::1 /demo2/index.php/home/user
INFO: [ app_init ] --START--
INFO: Run Behavior\BuildLiteBehavior [ RunTime:0.000000s ]
INFO: [ app_init ] --END-- [ RunTime:0.001000s ]
INFO: [ app_begin ] --START--
INFO: Run Behavior\ReadHtmlCacheBehavior [ RunTime:0.001000s ]
INFO: [ app_begin ] --END-- [ RunTime:0.001000s ]
INFO: [ app_end ] --START--
INFO: Run Behavior\ShowPageTraceBehavior [ RunTime:0.000000s ]
INFO: [ app_end ] --END-- [ RunTime:0.000000s ]

[ 2017-03-24T09:42:56+08:00 ] ::1 /demo2/index.php/home/user/model
INFO: [ app_init ] --START--
INFO: Run Behavior\BuildLiteBehavior [ RunTime:0.000000s ]
INFO: [ app_init ] --END-- [ RunTime:0.000000s ]
INFO: [ app_begin ] --START--
INFO: Run Behavior\ReadHtmlCacheBehavior [ RunTime:0.000000s ]
INFO: [ app_begin ] --END-- [ RunTime:0.000000s ]
INFO: [ app_end ] --START--
INFO: Run Behavior\ShowPageTraceBehavior [ RunTime:0.000000s ]
INFO: [ app_end ] --END-- [ RunTime:0.000000s ]

[ 2017-03-24T13:12:27+08:00 ] ::1 /demo2/index.php/home/user/model
INFO: [ app_init ] --START--
INFO: Run Behavior\BuildLiteBehavior [ RunTime:0.001000s ]
INFO: [ app_init ] --END-- [ RunTime:0.001000s ]
INFO: [ app_begin ] --START--
INFO: Run Behavior\ReadHtmlCacheBehavior [ RunTime:0.002000s ]
INFO: [ app_begin ] --END-- [ RunTime:0.002000s ]
INFO: [ app_end ] --START--
INFO: Run Behavior\ShowPageTraceBehavior [ RunTime:0.001000s ]
INFO: [ app_end ] --END-- [ RunTime:0.001000s ]

[ 2017-03-24T13:12:39+08:00 ] ::1 /demo2/index.php/home/user/model
INFO: [ app_init ] --START--
INFO: Run Behavior\BuildLiteBehavior [ RunTime:0.000000s ]
INFO: [ app_init ] --END-- [ RunTime:0.002000s ]
INFO: [ app_begin ] --START--
INFO: Run Behavior\ReadHtmlCacheBehavior [ RunTime:0.001000s ]
INFO: [ app_begin ] --END-- [ RunTime:0.002000s ]
NOTIC: [8] Use of undefined constant user - assumed 'user' E:\AppServ\www\demo2\Application\Home\Controller\UserController.class.php 第 10 行.
ERR: 没有定义数据库配置

[ 2017-03-24T13:15:26+08:00 ] ::1 /demo2/index.php/home/user/model
INFO: [ app_init ] --START--
INFO: Run Behavior\BuildLiteBehavior [ RunTime:0.000000s ]
INFO: [ app_init ] --END-- [ RunTime:0.001000s ]
INFO: [ app_begin ] --START--
INFO: Run Behavior\ReadHtmlCacheBehavior [ RunTime:0.001000s ]
INFO: [ app_begin ] --END-- [ RunTime:0.001000s ]
NOTIC: [8] Use of undefined constant user - assumed 'user' E:\AppServ\www\demo2\Application\Home\Controller\UserController.class.php 第 10 行.
NOTIC: [8192] mysql_connect(): The mysql extension is deprecated and will be removed in the future: use mysqli or PDO instead E:\AppServ\www\demo2\ThinkPHP\Library\Think\Db\Driver\Mysql.class.php 第 52 行.
NOTIC: [2] mysql_connect(): Access denied for user 'root'@'localhost' (using password: YES) E:\AppServ\www\demo2\ThinkPHP\Library\Think\Db\Driver\Mysql.class.php 第 52 行.
ERR: Access denied for user 'root'@'localhost' (using password: YES)

[ 2017-03-24T13:15:39+08:00 ] ::1 /demo2/index.php/home/user/model
INFO: [ app_init ] --START--
INFO: Run Behavior\BuildLiteBehavior [ RunTime:0.000000s ]
INFO: [ app_init ] --END-- [ RunTime:0.003000s ]
INFO: [ app_begin ] --START--
INFO: Run Behavior\ReadHtmlCacheBehavior [ RunTime:0.002000s ]
INFO: [ app_begin ] --END-- [ RunTime:0.002000s ]
NOTIC: [8] Use of undefined constant user - assumed 'user' E:\AppServ\www\demo2\Application\Home\Controller\UserController.class.php 第 10 行.
NOTIC: [8192] mysql_connect(): The mysql extension is deprecated and will be removed in the future: use mysqli or PDO instead E:\AppServ\www\demo2\ThinkPHP\Library\Think\Db\Driver\Mysql.class.php 第 52 行.
ERR: Unknown database 'd_teng'

[ 2017-03-24T13:20:07+08:00 ] ::1 /demo2/index.php/home/user/model
INFO: [ app_init ] --START--
INFO: Run Behavior\BuildLiteBehavior [ RunTime:0.000000s ]
INFO: [ app_init ] --END-- [ RunTime:0.001000s ]
INFO: [ app_begin ] --START--
INFO: Run Behavior\ReadHtmlCacheBehavior [ RunTime:0.001001s ]
INFO: [ app_begin ] --END-- [ RunTime:0.001001s ]
NOTIC: [8] Use of undefined constant user - assumed 'user' E:\AppServ\www\demo2\Application\Home\Controller\UserController.class.php 第 10 行.
NOTIC: [8192] mysql_connect(): The mysql extension is deprecated and will be removed in the future: use mysqli or PDO instead E:\AppServ\www\demo2\ThinkPHP\Library\Think\Db\Driver\Mysql.class.php 第 52 行.
ERR: Unknown database 'user'

[ 2017-03-24T13:23:27+08:00 ] ::1 /demo2/index.php/home/user/model
INFO: [ app_init ] --START--
INFO: Run Behavior\BuildLiteBehavior [ RunTime:0.000000s ]
INFO: [ app_init ] --END-- [ RunTime:0.002000s ]
INFO: [ app_begin ] --START--
INFO: Run Behavior\ReadHtmlCacheBehavior [ RunTime:0.001000s ]
INFO: [ app_begin ] --END-- [ RunTime:0.001000s ]
NOTIC: [8] Use of undefined constant user - assumed 'user' E:\AppServ\www\demo2\Application\Home\Controller\UserController.class.php 第 10 行.
NOTIC: [8192] mysql_connect(): The mysql extension is deprecated and will be removed in the future: use mysqli or PDO instead E:\AppServ\www\demo2\ThinkPHP\Library\Think\Db\Driver\Mysql.class.php 第 52 行.
ERR: Unknown database 'user'

[ 2017-03-24T13:23:28+08:00 ] ::1 /demo2/index.php/home/user/model
INFO: [ app_init ] --START--
INFO: Run Behavior\BuildLiteBehavior [ RunTime:0.000000s ]
INFO: [ app_init ] --END-- [ RunTime:0.001000s ]
INFO: [ app_begin ] --START--
INFO: Run Behavior\ReadHtmlCacheBehavior [ RunTime:0.001000s ]
INFO: [ app_begin ] --END-- [ RunTime:0.001000s ]
NOTIC: [8] Use of undefined constant user - assumed 'user' E:\AppServ\www\demo2\Application\Home\Controller\UserController.class.php 第 10 行.
NOTIC: [8192] mysql_connect(): The mysql extension is deprecated and will be removed in the future: use mysqli or PDO instead E:\AppServ\www\demo2\ThinkPHP\Library\Think\Db\Driver\Mysql.class.php 第 52 行.
ERR: Unknown database 'user'

[ 2017-03-24T13:23:29+08:00 ] ::1 /demo2/index.php/home/user/model
INFO: [ app_init ] --START--
INFO: Run Behavior\BuildLiteBehavior [ RunTime:0.000000s ]
INFO: [ app_init ] --END-- [ RunTime:0.000000s ]
INFO: [ app_begin ] --START--
INFO: Run Behavior\ReadHtmlCacheBehavior [ RunTime:0.000000s ]
INFO: [ app_begin ] --END-- [ RunTime:0.000000s ]
NOTIC: [8] Use of undefined constant user - assumed 'user' E:\AppServ\www\demo2\Application\Home\Controller\UserController.class.php 第 10 行.
NOTIC: [8192] mysql_connect(): The mysql extension is deprecated and will be removed in the future: use mysqli or PDO instead E:\AppServ\www\demo2\ThinkPHP\Library\Think\Db\Driver\Mysql.class.php 第 52 行.
ERR: Unknown database 'user'

[ 2017-03-24T13:24:06+08:00 ] ::1 /demo2/index.php/home/user/model
INFO: [ app_init ] --START--
INFO: Run Behavior\BuildLiteBehavior [ RunTime:0.000000s ]
INFO: [ app_init ] --END-- [ RunTime:0.000000s ]
INFO: [ app_begin ] --START--
INFO: Run Behavior\ReadHtmlCacheBehavior [ RunTime:0.001000s ]
INFO: [ app_begin ] --END-- [ RunTime:0.001000s ]
NOTIC: [8] Use of undefined constant user - assumed 'user' E:\AppServ\www\demo2\Application\Home\Controller\UserController.class.php 第 10 行.
NOTIC: [8192] mysql_connect(): The mysql extension is deprecated and will be removed in the future: use mysqli or PDO instead E:\AppServ\www\demo2\ThinkPHP\Library\Think\Db\Driver\Mysql.class.php 第 52 行.
ERR: Unknown database 'user'

[ 2017-03-24T13:24:07+08:00 ] ::1 /demo2/index.php/home/user/model
INFO: [ app_init ] --START--
INFO: Run Behavior\BuildLiteBehavior [ RunTime:0.000000s ]
INFO: [ app_init ] --END-- [ RunTime:0.001000s ]
INFO: [ app_begin ] --START--
INFO: Run Behavior\ReadHtmlCacheBehavior [ RunTime:0.001000s ]
INFO: [ app_begin ] --END-- [ RunTime:0.001000s ]
NOTIC: [8] Use of undefined constant user - assumed 'user' E:\AppServ\www\demo2\Application\Home\Controller\UserController.class.php 第 10 行.
NOTIC: [8192] mysql_connect(): The mysql extension is deprecated and will be removed in the future: use mysqli or PDO instead E:\AppServ\www\demo2\ThinkPHP\Library\Think\Db\Driver\Mysql.class.php 第 52 行.
ERR: Unknown database 'user'

[ 2017-03-24T13:24:07+08:00 ] ::1 /demo2/index.php/home/user/model
INFO: [ app_init ] --START--
INFO: Run Behavior\BuildLiteBehavior [ RunTime:0.000000s ]
INFO: [ app_init ] --END-- [ RunTime:0.000000s ]
INFO: [ app_begin ] --START--
INFO: Run Behavior\ReadHtmlCacheBehavior [ RunTime:0.001000s ]
INFO: [ app_begin ] --END-- [ RunTime:0.002000s ]
NOTIC: [8] Use of undefined constant user - assumed 'user' E:\AppServ\www\demo2\Application\Home\Controller\UserController.class.php 第 10 行.
NOTIC: [8192] mysql_connect(): The mysql extension is deprecated and will be removed in the future: use mysqli or PDO instead E:\AppServ\www\demo2\ThinkPHP\Library\Think\Db\Driver\Mysql.class.php 第 52 行.
ERR: Unknown database 'user'

[ 2017-03-24T13:24:08+08:00 ] ::1 /demo2/index.php/home/user/model
INFO: [ app_init ] --START--
INFO: Run Behavior\BuildLiteBehavior [ RunTime:0.000000s ]
INFO: [ app_init ] --END-- [ RunTime:0.000000s ]
INFO: [ app_begin ] --START--
INFO: Run Behavior\ReadHtmlCacheBehavior [ RunTime:0.000000s ]
INFO: [ app_begin ] --END-- [ RunTime:0.001000s ]
NOTIC: [8] Use of undefined constant user - assumed 'user' E:\AppServ\www\demo2\Application\Home\Controller\UserController.class.php 第 10 行.
NOTIC: [8192] mysql_connect(): The mysql extension is deprecated and will be removed in the future: use mysqli or PDO instead E:\AppServ\www\demo2\ThinkPHP\Library\Think\Db\Driver\Mysql.class.php 第 52 行.
ERR: Unknown database 'user'

[ 2017-03-24T13:24:08+08:00 ] ::1 /demo2/index.php/home/user/model
INFO: [ app_init ] --START--
INFO: Run Behavior\BuildLiteBehavior [ RunTime:0.000000s ]
INFO: [ app_init ] --END-- [ RunTime:0.000000s ]
INFO: [ app_begin ] --START--
INFO: Run Behavior\ReadHtmlCacheBehavior [ RunTime:0.000000s ]
INFO: [ app_begin ] --END-- [ RunTime:0.000000s ]
NOTIC: [8] Use of undefined constant user - assumed 'user' E:\AppServ\www\demo2\Application\Home\Controller\UserController.class.php 第 10 行.
NOTIC: [8192] mysql_connect(): The mysql extension is deprecated and will be removed in the future: use mysqli or PDO instead E:\AppServ\www\demo2\ThinkPHP\Library\Think\Db\Driver\Mysql.class.php 第 52 行.
ERR: Unknown database 'user'

[ 2017-03-24T13:24:08+08:00 ] ::1 /demo2/index.php/home/user/model
INFO: [ app_init ] --START--
INFO: Run Behavior\BuildLiteBehavior [ RunTime:0.000000s ]
INFO: [ app_init ] --END-- [ RunTime:0.001000s ]
INFO: [ app_begin ] --START--
INFO: Run Behavior\ReadHtmlCacheBehavior [ RunTime:0.001000s ]
INFO: [ app_begin ] --END-- [ RunTime:0.001000s ]
NOTIC: [8] Use of undefined constant user - assumed 'user' E:\AppServ\www\demo2\Application\Home\Controller\UserController.class.php 第 10 行.
NOTIC: [8192] mysql_connect(): The mysql extension is deprecated and will be removed in the future: use mysqli or PDO instead E:\AppServ\www\demo2\ThinkPHP\Library\Think\Db\Driver\Mysql.class.php 第 52 行.
ERR: Unknown database 'user'

[ 2017-03-24T13:24:42+08:00 ] ::1 /demo2/index.php/home/user/model
INFO: [ app_init ] --START--
INFO: Run Behavior\BuildLiteBehavior [ RunTime:0.000000s ]
INFO: [ app_init ] --END-- [ RunTime:0.000000s ]
INFO: [ app_begin ] --START--
INFO: Run Behavior\ReadHtmlCacheBehavior [ RunTime:0.001000s ]
INFO: [ app_begin ] --END-- [ RunTime:0.001000s ]
NOTIC: [8] Use of undefined constant user - assumed 'user' E:\AppServ\www\demo2\Application\Home\Controller\UserController.class.php 第 10 行.
NOTIC: [8192] mysql_connect(): The mysql extension is deprecated and will be removed in the future: use mysqli or PDO instead E:\AppServ\www\demo2\ThinkPHP\Library\Think\Db\Driver\Mysql.class.php 第 52 行.
ERR: Unknown database 'user'

[ 2017-03-24T13:24:43+08:00 ] ::1 /demo2/index.php/home/user/model
INFO: [ app_init ] --START--
INFO: Run Behavior\BuildLiteBehavior [ RunTime:0.000000s ]
INFO: [ app_init ] --END-- [ RunTime:0.000000s ]
INFO: [ app_begin ] --START--
INFO: Run Behavior\ReadHtmlCacheBehavior [ RunTime:0.000000s ]
INFO: [ app_begin ] --END-- [ RunTime:0.000000s ]
NOTIC: [8] Use of undefined constant user - assumed 'user' E:\AppServ\www\demo2\Application\Home\Controller\UserController.class.php 第 10 行.
NOTIC: [8192] mysql_connect(): The mysql extension is deprecated and will be removed in the future: use mysqli or PDO instead E:\AppServ\www\demo2\ThinkPHP\Library\Think\Db\Driver\Mysql.class.php 第 52 行.
ERR: Unknown database 'user'

[ 2017-03-24T13:24:43+08:00 ] ::1 /demo2/index.php/home/user/model
INFO: [ app_init ] --START--
INFO: Run Behavior\BuildLiteBehavior [ RunTime:0.000000s ]
INFO: [ app_init ] --END-- [ RunTime:0.000000s ]
INFO: [ app_begin ] --START--
INFO: Run Behavior\ReadHtmlCacheBehavior [ RunTime:0.002000s ]
INFO: [ app_begin ] --END-- [ RunTime:0.002000s ]
NOTIC: [8] Use of undefined constant user - assumed 'user' E:\AppServ\www\demo2\Application\Home\Controller\UserController.class.php 第 10 行.
NOTIC: [8192] mysql_connect(): The mysql extension is deprecated and will be removed in the future: use mysqli or PDO instead E:\AppServ\www\demo2\ThinkPHP\Library\Think\Db\Driver\Mysql.class.php 第 52 行.
ERR: Unknown database 'user'

[ 2017-03-24T13:25:16+08:00 ] ::1 /demo2/index.php/home/user/model
INFO: [ app_init ] --START--
INFO: Run Behavior\BuildLiteBehavior [ RunTime:0.000000s ]
INFO: [ app_init ] --END-- [ RunTime:0.001000s ]
INFO: [ app_begin ] --START--
INFO: Run Behavior\ReadHtmlCacheBehavior [ RunTime:0.001000s ]
INFO: [ app_begin ] --END-- [ RunTime:0.001000s ]
NOTIC: [8] Use of undefined constant user - assumed 'user' E:\AppServ\www\demo2\Application\Home\Controller\UserController.class.php 第 10 行.
NOTIC: [8192] mysql_connect(): The mysql extension is deprecated and will be removed in the future: use mysqli or PDO instead E:\AppServ\www\demo2\ThinkPHP\Library\Think\Db\Driver\Mysql.class.php 第 52 行.
ERR: Unknown database 'user'

[ 2017-03-24T13:25:16+08:00 ] ::1 /demo2/index.php/home/user/model
INFO: [ app_init ] --START--
INFO: Run Behavior\BuildLiteBehavior [ RunTime:0.000000s ]
INFO: [ app_init ] --END-- [ RunTime:0.001000s ]
INFO: [ app_begin ] --START--
INFO: Run Behavior\ReadHtmlCacheBehavior [ RunTime:0.001000s ]
INFO: [ app_begin ] --END-- [ RunTime:0.001000s ]
NOTIC: [8] Use of undefined constant user - assumed 'user' E:\AppServ\www\demo2\Application\Home\Controller\UserController.class.php 第 10 行.
NOTIC: [8192] mysql_connect(): The mysql extension is deprecated and will be removed in the future: use mysqli or PDO instead E:\AppServ\www\demo2\ThinkPHP\Library\Think\Db\Driver\Mysql.class.php 第 52 行.
ERR: Unknown database 'user'

[ 2017-03-24T13:25:34+08:00 ] ::1 /demo2/index.php/home/user/model
INFO: [ app_init ] --START--
INFO: Run Behavior\BuildLiteBehavior [ RunTime:0.000000s ]
INFO: [ app_init ] --END-- [ RunTime:0.000000s ]
INFO: [ app_begin ] --START--
INFO: Run Behavior\ReadHtmlCacheBehavior [ RunTime:0.001001s ]
INFO: [ app_begin ] --END-- [ RunTime:0.001001s ]
NOTIC: [8] Use of undefined constant user - assumed 'user' E:\AppServ\www\demo2\Application\Home\Controller\UserController.class.php 第 10 行.
NOTIC: [8192] mysql_connect(): The mysql extension is deprecated and will be removed in the future: use mysqli or PDO instead E:\AppServ\www\demo2\ThinkPHP\Library\Think\Db\Driver\Mysql.class.php 第 52 行.
ERR: Unknown database 'user'

[ 2017-03-24T13:25:35+08:00 ] ::1 /demo2/index.php/home/user/model
INFO: [ app_init ] --START--
INFO: Run Behavior\BuildLiteBehavior [ RunTime:0.000000s ]
INFO: [ app_init ] --END-- [ RunTime:0.001001s ]
INFO: [ app_begin ] --START--
INFO: Run Behavior\ReadHtmlCacheBehavior [ RunTime:0.001000s ]
INFO: [ app_begin ] --END-- [ RunTime:0.001000s ]
NOTIC: [8] Use of undefined constant user - assumed 'user' E:\AppServ\www\demo2\Application\Home\Controller\UserController.class.php 第 10 行.
NOTIC: [8192] mysql_connect(): The mysql extension is deprecated and will be removed in the future: use mysqli or PDO instead E:\AppServ\www\demo2\ThinkPHP\Library\Think\Db\Driver\Mysql.class.php 第 52 行.
ERR: Unknown database 'user'

[ 2017-03-24T13:25:35+08:00 ] ::1 /demo2/index.php/home/user/model
INFO: [ app_init ] --START--
INFO: Run Behavior\BuildLiteBehavior [ RunTime:0.000000s ]
INFO: [ app_init ] --END-- [ RunTime:0.000000s ]
INFO: [ app_begin ] --START--
INFO: Run Behavior\ReadHtmlCacheBehavior [ RunTime:0.001000s ]
INFO: [ app_begin ] --END-- [ RunTime:0.001000s ]
NOTIC: [8] Use of undefined constant user - assumed 'user' E:\AppServ\www\demo2\Application\Home\Controller\UserController.class.php 第 10 行.
NOTIC: [8192] mysql_connect(): The mysql extension is deprecated and will be removed in the future: use mysqli or PDO instead E:\AppServ\www\demo2\ThinkPHP\Library\Think\Db\Driver\Mysql.class.php 第 52 行.
ERR: Unknown database 'user'

[ 2017-03-24T13:25:35+08:00 ] ::1 /demo2/index.php/home/user/model
INFO: [ app_init ] --START--
INFO: Run Behavior\BuildLiteBehavior [ RunTime:0.000000s ]
INFO: [ app_init ] --END-- [ RunTime:0.000000s ]
INFO: [ app_begin ] --START--
INFO: Run Behavior\ReadHtmlCacheBehavior [ RunTime:0.000000s ]
INFO: [ app_begin ] --END-- [ RunTime:0.000000s ]
NOTIC: [8] Use of undefined constant user - assumed 'user' E:\AppServ\www\demo2\Application\Home\Controller\UserController.class.php 第 10 行.
NOTIC: [8192] mysql_connect(): The mysql extension is deprecated and will be removed in the future: use mysqli or PDO instead E:\AppServ\www\demo2\ThinkPHP\Library\Think\Db\Driver\Mysql.class.php 第 52 行.
ERR: Unknown database 'user'

[ 2017-03-24T13:26:14+08:00 ] ::1 /demo2/index.php/home/user/model
INFO: [ app_init ] --START--
INFO: Run Behavior\BuildLiteBehavior [ RunTime:0.000000s ]
INFO: [ app_init ] --END-- [ RunTime:0.001000s ]
INFO: [ app_begin ] --START--
INFO: Run Behavior\ReadHtmlCacheBehavior [ RunTime:0.000000s ]
INFO: [ app_begin ] --END-- [ RunTime:0.002000s ]
NOTIC: [8192] mysql_connect(): The mysql extension is deprecated and will be removed in the future: use mysqli or PDO instead E:\AppServ\www\demo2\ThinkPHP\Library\Think\Db\Driver\Mysql.class.php 第 52 行.
ERR: Unknown database 'user'

[ 2017-03-24T13:26:15+08:00 ] ::1 /demo2/index.php/home/user/model
INFO: [ app_init ] --START--
INFO: Run Behavior\BuildLiteBehavior [ RunTime:0.000000s ]
INFO: [ app_init ] --END-- [ RunTime:0.001000s ]
INFO: [ app_begin ] --START--
INFO: Run Behavior\ReadHtmlCacheBehavior [ RunTime:0.000000s ]
INFO: [ app_begin ] --END-- [ RunTime:0.000000s ]
NOTIC: [8192] mysql_connect(): The mysql extension is deprecated and will be removed in the future: use mysqli or PDO instead E:\AppServ\www\demo2\ThinkPHP\Library\Think\Db\Driver\Mysql.class.php 第 52 行.
ERR: Unknown database 'user'

[ 2017-03-24T13:26:16+08:00 ] ::1 /demo2/index.php/home/user/model
INFO: [ app_init ] --START--
INFO: Run Behavior\BuildLiteBehavior [ RunTime:0.000000s ]
INFO: [ app_init ] --END-- [ RunTime:0.000000s ]
INFO: [ app_begin ] --START--
INFO: Run Behavior\ReadHtmlCacheBehavior [ RunTime:0.000000s ]
INFO: [ app_begin ] --END-- [ RunTime:0.000000s ]
NOTIC: [8192] mysql_connect(): The mysql extension is deprecated and will be removed in the future: use mysqli or PDO instead E:\AppServ\www\demo2\ThinkPHP\Library\Think\Db\Driver\Mysql.class.php 第 52 行.
ERR: Unknown database 'user'

[ 2017-03-24T13:26:16+08:00 ] ::1 /demo2/index.php/home/user/model
INFO: [ app_init ] --START--
INFO: Run Behavior\BuildLiteBehavior [ RunTime:0.000000s ]
INFO: [ app_init ] --END-- [ RunTime:0.000000s ]
INFO: [ app_begin ] --START--
INFO: Run Behavior\ReadHtmlCacheBehavior [ RunTime:0.000000s ]
INFO: [ app_begin ] --END-- [ RunTime:0.000000s ]
NOTIC: [8192] mysql_connect(): The mysql extension is deprecated and will be removed in the future: use mysqli or PDO instead E:\AppServ\www\demo2\ThinkPHP\Library\Think\Db\Driver\Mysql.class.php 第 52 行.
ERR: Unknown database 'user'

[ 2017-03-24T13:27:04+08:00 ] ::1 /demo2/index.php/home/user/model
INFO: [ app_init ] --START--
INFO: Run Behavior\BuildLiteBehavior [ RunTime:0.000000s ]
INFO: [ app_init ] --END-- [ RunTime:0.001000s ]
INFO: [ app_begin ] --START--
INFO: Run Behavior\ReadHtmlCacheBehavior [ RunTime:0.001000s ]
INFO: [ app_begin ] --END-- [ RunTime:0.001000s ]
NOTIC: [8192] mysql_connect(): The mysql extension is deprecated and will be removed in the future: use mysqli or PDO instead E:\AppServ\www\demo2\ThinkPHP\Library\Think\Db\Driver\Mysql.class.php 第 52 行.
ERR: Unknown database 'user'

[ 2017-03-24T13:27:05+08:00 ] ::1 /demo2/index.php/home/user/model
INFO: [ app_init ] --START--
INFO: Run Behavior\BuildLiteBehavior [ RunTime:0.000000s ]
INFO: [ app_init ] --END-- [ RunTime:0.000000s ]
INFO: [ app_begin ] --START--
INFO: Run Behavior\ReadHtmlCacheBehavior [ RunTime:0.001000s ]
INFO: [ app_begin ] --END-- [ RunTime:0.001000s ]
NOTIC: [8192] mysql_connect(): The mysql extension is deprecated and will be removed in the future: use mysqli or PDO instead E:\AppServ\www\demo2\ThinkPHP\Library\Think\Db\Driver\Mysql.class.php 第 52 行.
ERR: Unknown database 'user'

[ 2017-03-24T13:27:31+08:00 ] ::1 /demo2/index.php/home/user/model
INFO: [ app_init ] --START--
INFO: Run Behavior\BuildLiteBehavior [ RunTime:0.000000s ]
INFO: [ app_init ] --END-- [ RunTime:0.000000s ]
INFO: [ app_begin ] --START--
INFO: Run Behavior\ReadHtmlCacheBehavior [ RunTime:0.001000s ]
INFO: [ app_begin ] --END-- [ RunTime:0.001000s ]
NOTIC: [8192] mysql_connect(): The mysql extension is deprecated and will be removed in the future: use mysqli or PDO instead E:\AppServ\www\demo2\ThinkPHP\Library\Think\Db\Driver\Mysql.class.php 第 52 行.
ERR: Unknown database 'user'

[ 2017-03-24T13:27:31+08:00 ] ::1 /demo2/index.php/home/user/model
INFO: [ app_init ] --START--
INFO: Run Behavior\BuildLiteBehavior [ RunTime:0.000000s ]
INFO: [ app_init ] --END-- [ RunTime:0.000000s ]
INFO: [ app_begin ] --START--
INFO: Run Behavior\ReadHtmlCacheBehavior [ RunTime:0.001000s ]
INFO: [ app_begin ] --END-- [ RunTime:0.001000s ]
NOTIC: [8192] mysql_connect(): The mysql extension is deprecated and will be removed in the future: use mysqli or PDO instead E:\AppServ\www\demo2\ThinkPHP\Library\Think\Db\Driver\Mysql.class.php 第 52 行.
ERR: Unknown database 'user'

[ 2017-03-24T13:27:32+08:00 ] ::1 /demo2/index.php/home/user/model
INFO: [ app_init ] --START--
INFO: Run Behavior\BuildLiteBehavior [ RunTime:0.000000s ]
INFO: [ app_init ] --END-- [ RunTime:0.000000s ]
INFO: [ app_begin ] --START--
INFO: Run Behavior\ReadHtmlCacheBehavior [ RunTime:0.000000s ]
INFO: [ app_begin ] --END-- [ RunTime:0.000000s ]
NOTIC: [8192] mysql_connect(): The mysql extension is deprecated and will be removed in the future: use mysqli or PDO instead E:\AppServ\www\demo2\ThinkPHP\Library\Think\Db\Driver\Mysql.class.php 第 52 行.
ERR: Unknown database 'user'

[ 2017-03-24T13:29:37+08:00 ] ::1 /demo2/index.php/home/user/model
INFO: [ app_init ] --START--
INFO: Run Behavior\BuildLiteBehavior [ RunTime:0.000000s ]
INFO: [ app_init ] --END-- [ RunTime:0.001000s ]
INFO: [ app_begin ] --START--
INFO: Run Behavior\ReadHtmlCacheBehavior [ RunTime:0.002000s ]
INFO: [ app_begin ] --END-- [ RunTime:0.002000s ]
NOTIC: [8192] mysql_connect(): The mysql extension is deprecated and will be removed in the future: use mysqli or PDO instead E:\AppServ\www\demo2\ThinkPHP\Library\Think\Db\Driver\Mysql.class.php 第 52 行.
SQL: SHOW COLUMNS FROM `user` [ RunTime:0.002000s ]
INFO: [ app_end ] --START--
INFO: Run Behavior\ShowPageTraceBehavior [ RunTime:0.002000s ]
INFO: [ app_end ] --END-- [ RunTime:0.002000s ]

[ 2017-03-24T13:50:22+08:00 ] ::1 /demo2/index.php/home/user/model
INFO: [ app_init ] --START--
INFO: Run Behavior\BuildLiteBehavior [ RunTime:0.000000s ]
INFO: [ app_init ] --END-- [ RunTime:0.001000s ]
INFO: [ app_begin ] --START--
INFO: Run Behavior\ReadHtmlCacheBehavior [ RunTime:0.001000s ]
INFO: [ app_begin ] --END-- [ RunTime:0.002000s ]
NOTIC: [8192] mysql_connect(): The mysql extension is deprecated and will be removed in the future: use mysqli or PDO instead E:\AppServ\www\demo2\ThinkPHP\Library\Think\Db\Driver\Mysql.class.php 第 52 行.
SQL: SHOW COLUMNS FROM `think_user` [ RunTime:0.001000s ]
INFO: [ app_end ] --START--
INFO: Run Behavior\ShowPageTraceBehavior [ RunTime:0.002000s ]
INFO: [ app_end ] --END-- [ RunTime:0.002000s ]

[ 2017-03-24T13:50:23+08:00 ] ::1 /demo2/index.php/home/user/model
INFO: [ app_init ] --START--
INFO: Run Behavior\BuildLiteBehavior [ RunTime:0.000000s ]
INFO: [ app_init ] --END-- [ RunTime:0.000000s ]
INFO: [ app_begin ] --START--
INFO: Run Behavior\ReadHtmlCacheBehavior [ RunTime:0.001000s ]
INFO: [ app_begin ] --END-- [ RunTime:0.001000s ]
NOTIC: [8192] mysql_connect(): The mysql extension is deprecated and will be removed in the future: use mysqli or PDO instead E:\AppServ\www\demo2\ThinkPHP\Library\Think\Db\Driver\Mysql.class.php 第 52 行.
SQL: SHOW COLUMNS FROM `think_user` [ RunTime:0.004000s ]
INFO: [ app_end ] --START--
INFO: Run Behavior\ShowPageTraceBehavior [ RunTime:0.001000s ]
INFO: [ app_end ] --END-- [ RunTime:0.001000s ]

[ 2017-03-24T13:50:24+08:00 ] ::1 /demo2/index.php/home/user/model
INFO: [ app_init ] --START--
INFO: Run Behavior\BuildLiteBehavior [ RunTime:0.000000s ]
INFO: [ app_init ] --END-- [ RunTime:0.000000s ]
INFO: [ app_begin ] --START--
INFO: Run Behavior\ReadHtmlCacheBehavior [ RunTime:0.000000s ]
INFO: [ app_begin ] --END-- [ RunTime:0.000000s ]
NOTIC: [8192] mysql_connect(): The mysql extension is deprecated and will be removed in the future: use mysqli or PDO instead E:\AppServ\www\demo2\ThinkPHP\Library\Think\Db\Driver\Mysql.class.php 第 52 行.
SQL: SHOW COLUMNS FROM `think_user` [ RunTime:0.003000s ]
INFO: [ app_end ] --START--
INFO: Run Behavior\ShowPageTraceBehavior [ RunTime:0.002000s ]
INFO: [ app_end ] --END-- [ RunTime:0.002000s ]

[ 2017-03-24T13:51:23+08:00 ] ::1 /demo2/index.php/home/user/model
INFO: [ app_init ] --START--
INFO: Run Behavior\BuildLiteBehavior [ RunTime:0.000000s ]
INFO: [ app_init ] --END-- [ RunTime:0.000000s ]
INFO: [ app_begin ] --START--
INFO: Run Behavior\ReadHtmlCacheBehavior [ RunTime:0.001000s ]
INFO: [ app_begin ] --END-- [ RunTime:0.001000s ]

[ 2017-03-24T13:51:38+08:00 ] ::1 /demo2/index.php/home/user/model
INFO: [ app_init ] --START--
INFO: Run Behavior\BuildLiteBehavior [ RunTime:0.000000s ]
INFO: [ app_init ] --END-- [ RunTime:0.000000s ]
INFO: [ app_begin ] --START--
INFO: Run Behavior\ReadHtmlCacheBehavior [ RunTime:0.001000s ]
INFO: [ app_begin ] --END-- [ RunTime:0.001000s ]
NOTIC: [8192] mysql_connect(): The mysql extension is deprecated and will be removed in the future: use mysqli or PDO instead E:\AppServ\www\demo2\ThinkPHP\Library\Think\Db\Driver\Mysql.class.php 第 52 行.
SQL: SHOW COLUMNS FROM `think_user` [ RunTime:0.002000s ]
NOTIC: [8] Undefined variable: user E:\AppServ\www\demo2\Application\Home\Controller\UserController.class.php 第 11 行.

[ 2017-03-24T13:51:57+08:00 ] ::1 /demo2/index.php/home/user/model
INFO: [ app_init ] --START--
INFO: Run Behavior\BuildLiteBehavior [ RunTime:0.000000s ]
INFO: [ app_init ] --END-- [ RunTime:0.001001s ]
INFO: [ app_begin ] --START--
INFO: Run Behavior\ReadHtmlCacheBehavior [ RunTime:0.001000s ]
INFO: [ app_begin ] --END-- [ RunTime:0.001000s ]
NOTIC: [8192] mysql_connect(): The mysql extension is deprecated and will be removed in the future: use mysqli or PDO instead E:\AppServ\www\demo2\ThinkPHP\Library\Think\Db\Driver\Mysql.class.php 第 52 行.
SQL: SHOW COLUMNS FROM `think_user` [ RunTime:0.001000s ]
NOTIC: [8] Undefined variable: user E:\AppServ\www\demo2\Application\Home\Controller\UserController.class.php 第 11 行.

[ 2017-03-24T13:52:00+08:00 ] ::1 /demo2/index.php/home/user/model
INFO: [ app_init ] --START--
INFO: Run Behavior\BuildLiteBehavior [ RunTime:0.000000s ]
INFO: [ app_init ] --END-- [ RunTime:0.000000s ]
INFO: [ app_begin ] --START--
INFO: Run Behavior\ReadHtmlCacheBehavior [ RunTime:0.000000s ]
INFO: [ app_begin ] --END-- [ RunTime:0.000000s ]

[ 2017-03-24T13:52:48+08:00 ] ::1 /demo2/index.php/home/user/model
INFO: [ app_init ] --START--
INFO: Run Behavior\BuildLiteBehavior [ RunTime:0.000000s ]
INFO: [ app_init ] --END-- [ RunTime:0.000000s ]
INFO: [ app_begin ] --START--
INFO: Run Behavior\ReadHtmlCacheBehavior [ RunTime:0.001000s ]
INFO: [ app_begin ] --END-- [ RunTime:0.001000s ]

[ 2017-03-24T13:56:05+08:00 ] ::1 /demo2/index.php/home/user/model
INFO: [ app_init ] --START--
INFO: Run Behavior\BuildLiteBehavior [ RunTime:0.000000s ]
INFO: [ app_init ] --END-- [ RunTime:0.001000s ]
INFO: [ app_begin ] --START--
INFO: Run Behavior\ReadHtmlCacheBehavior [ RunTime:0.001001s ]
INFO: [ app_begin ] --END-- [ RunTime:0.001001s ]

[ 2017-03-24T13:56:06+08:00 ] ::1 /demo2/index.php/home/user/model
INFO: [ app_init ] --START--
INFO: Run Behavior\BuildLiteBehavior [ RunTime:0.000000s ]
INFO: [ app_init ] --END-- [ RunTime:0.000000s ]
INFO: [ app_begin ] --START--
INFO: Run Behavior\ReadHtmlCacheBehavior [ RunTime:0.000000s ]
INFO: [ app_begin ] --END-- [ RunTime:0.000000s ]

[ 2017-03-24T13:56:07+08:00 ] ::1 /demo2/index.php/home/user/model
INFO: [ app_init ] --START--
INFO: Run Behavior\BuildLiteBehavior [ RunTime:0.000000s ]
INFO: [ app_init ] --END-- [ RunTime:0.000000s ]
INFO: [ app_begin ] --START--
INFO: Run Behavior\ReadHtmlCacheBehavior [ RunTime:0.001000s ]
INFO: [ app_begin ] --END-- [ RunTime:0.001000s ]

[ 2017-03-24T13:56:07+08:00 ] ::1 /demo2/index.php/home/user/model
INFO: [ app_init ] --START--
INFO: Run Behavior\BuildLiteBehavior [ RunTime:0.000000s ]
INFO: [ app_init ] --END-- [ RunTime:0.000000s ]
INFO: [ app_begin ] --START--
INFO: Run Behavior\ReadHtmlCacheBehavior [ RunTime:0.000000s ]
INFO: [ app_begin ] --END-- [ RunTime:0.000000s ]

[ 2017-03-24T13:56:07+08:00 ] ::1 /demo2/index.php/home/user/model
INFO: [ app_init ] --START--
INFO: Run Behavior\BuildLiteBehavior [ RunTime:0.000000s ]
INFO: [ app_init ] --END-- [ RunTime:0.001000s ]
INFO: [ app_begin ] --START--
INFO: Run Behavior\ReadHtmlCacheBehavior [ RunTime:0.001000s ]
INFO: [ app_begin ] --END-- [ RunTime:0.001000s ]

[ 2017-03-24T13:56:08+08:00 ] ::1 /demo2/index.php/home/user/model
INFO: [ app_init ] --START--
INFO: Run Behavior\BuildLiteBehavior [ RunTime:0.000000s ]
INFO: [ app_init ] --END-- [ RunTime:0.000000s ]
INFO: [ app_begin ] --START--
INFO: Run Behavior\ReadHtmlCacheBehavior [ RunTime:0.000000s ]
INFO: [ app_begin ] --END-- [ RunTime:0.000000s ]

[ 2017-03-24T13:56:08+08:00 ] ::1 /demo2/index.php/home/user/model
INFO: [ app_init ] --START--
INFO: Run Behavior\BuildLiteBehavior [ RunTime:0.000000s ]
INFO: [ app_init ] --END-- [ RunTime:0.001000s ]
INFO: [ app_begin ] --START--
INFO: Run Behavior\ReadHtmlCacheBehavior [ RunTime:0.000000s ]
INFO: [ app_begin ] --END-- [ RunTime:0.000000s ]

[ 2017-03-24T13:58:28+08:00 ] ::1 /demo2/index.php/home/user/model
INFO: [ app_init ] --START--
INFO: Run Behavior\BuildLiteBehavior [ RunTime:0.000000s ]
INFO: [ app_init ] --END-- [ RunTime:0.001000s ]
INFO: [ app_begin ] --START--
INFO: Run Behavior\ReadHtmlCacheBehavior [ RunTime:0.001000s ]
INFO: [ app_begin ] --END-- [ RunTime:0.001000s ]
NOTIC: [8192] mysql_connect(): The mysql extension is deprecated and will be removed in the future: use mysqli or PDO instead E:\AppServ\www\demo2\ThinkPHP\Library\Think\Db\Driver\Mysql.class.php 第 52 行.
SQL: SHOW COLUMNS FROM `think_user` [ RunTime:0.003000s ]
INFO: [ app_end ] --START--
INFO: Run Behavior\ShowPageTraceBehavior [ RunTime:0.001000s ]
INFO: [ app_end ] --END-- [ RunTime:0.001000s ]

[ 2017-03-24T13:59:00+08:00 ] ::1 /demo2/index.php/home/user/model
INFO: [ app_init ] --START--
INFO: Run Behavior\BuildLiteBehavior [ RunTime:0.000000s ]
INFO: [ app_init ] --END-- [ RunTime:0.001000s ]
INFO: [ app_begin ] --START--
INFO: Run Behavior\ReadHtmlCacheBehavior [ RunTime:0.001000s ]
INFO: [ app_begin ] --END-- [ RunTime:0.001000s ]

[ 2017-03-24T13:59:31+08:00 ] ::1 /demo2/index.php/home/user/model
INFO: [ app_init ] --START--
INFO: Run Behavior\BuildLiteBehavior [ RunTime:0.000000s ]
INFO: [ app_init ] --END-- [ RunTime:0.000000s ]
INFO: [ app_begin ] --START--
INFO: Run Behavior\ReadHtmlCacheBehavior [ RunTime:0.000000s ]
INFO: [ app_begin ] --END-- [ RunTime:0.001000s ]
NOTIC: [8192] mysql_connect(): The mysql extension is deprecated and will be removed in the future: use mysqli or PDO instead E:\AppServ\www\demo2\ThinkPHP\Library\Think\Db\Driver\Mysql.class.php 第 52 行.
SQL: SHOW COLUMNS FROM `think_user` [ RunTime:0.002000s ]
SQL: SELECT * FROM `think_user`  [ RunTime:0.002000s ]
INFO: [ app_end ] --START--
INFO: Run Behavior\ShowPageTraceBehavior [ RunTime:0.001000s ]
INFO: [ app_end ] --END-- [ RunTime:0.001000s ]

[ 2017-03-24T14:00:37+08:00 ] ::1 /demo2/index.php/home/user/model
INFO: [ app_init ] --START--
INFO: Run Behavior\BuildLiteBehavior [ RunTime:0.000000s ]
INFO: [ app_init ] --END-- [ RunTime:0.000000s ]
INFO: [ app_begin ] --START--
INFO: Run Behavior\ReadHtmlCacheBehavior [ RunTime:0.000000s ]
INFO: [ app_begin ] --END-- [ RunTime:0.000000s ]
NOTIC: [8192] mysql_connect(): The mysql extension is deprecated and will be removed in the future: use mysqli or PDO instead E:\AppServ\www\demo2\ThinkPHP\Library\Think\Db\Driver\Mysql.class.php 第 52 行.
SQL: SHOW COLUMNS FROM `think_user` [ RunTime:0.002000s ]
SQL: SELECT * FROM `think_user`  [ RunTime:0.000000s ]
INFO: [ app_end ] --START--
INFO: Run Behavior\ShowPageTraceBehavior [ RunTime:0.001000s ]
INFO: [ app_end ] --END-- [ RunTime:0.001000s ]

[ 2017-03-24T14:02:35+08:00 ] ::1 /demo2/index.php/home/user/model
INFO: [ app_init ] --START--
INFO: Run Behavior\BuildLiteBehavior [ RunTime:0.000000s ]
INFO: [ app_init ] --END-- [ RunTime:0.000000s ]
INFO: [ app_begin ] --START--
INFO: Run Behavior\ReadHtmlCacheBehavior [ RunTime:0.001000s ]
INFO: [ app_begin ] --END-- [ RunTime:0.001000s ]

[ 2017-03-24T14:02:56+08:00 ] ::1 /demo2/index.php/home/user/model
INFO: [ app_init ] --START--
INFO: Run Behavior\BuildLiteBehavior [ RunTime:0.000000s ]
INFO: [ app_init ] --END-- [ RunTime:0.000000s ]
INFO: [ app_begin ] --START--
INFO: Run Behavior\ReadHtmlCacheBehavior [ RunTime:0.000000s ]
INFO: [ app_begin ] --END-- [ RunTime:0.000000s ]
NOTIC: [8192] mysql_connect(): The mysql extension is deprecated and will be removed in the future: use mysqli or PDO instead E:\AppServ\www\demo2\ThinkPHP\Library\Think\Db\Driver\Mysql.class.php 第 52 行.
SQL: SHOW COLUMNS FROM `think_user` [ RunTime:0.001000s ]
NOTIC: [8] Use of undefined constant id - assumed 'id' E:\AppServ\www\demo2\Application\Home\Controller\UserController.class.php 第 11 行.
NOTIC: [8] Use of undefined constant id - assumed 'id' E:\AppServ\www\demo2\Application\Home\Controller\UserController.class.php 第 12 行.
NOTIC: [8] Use of undefined constant _logic - assumed '_logic' E:\AppServ\www\demo2\Application\Home\Controller\UserController.class.php 第 13 行.
SQL: SELECT * FROM `think_user` WHERE ( `id` = 2 )  [ RunTime:0.002001s ]
INFO: [ app_end ] --START--
INFO: Run Behavior\ShowPageTraceBehavior [ RunTime:0.001000s ]
INFO: [ app_end ] --END-- [ RunTime:0.002000s ]

[ 2017-03-24T14:07:17+08:00 ] ::1 /demo2/index.php/home/user/model
INFO: [ app_init ] --START--
INFO: Run Behavior\BuildLiteBehavior [ RunTime:0.000000s ]
INFO: [ app_init ] --END-- [ RunTime:0.001000s ]
INFO: [ app_begin ] --START--
INFO: Run Behavior\ReadHtmlCacheBehavior [ RunTime:0.001000s ]
INFO: [ app_begin ] --END-- [ RunTime:0.001000s ]
NOTIC: [8192] mysql_connect(): The mysql extension is deprecated and will be removed in the future: use mysqli or PDO instead E:\AppServ\www\demo2\ThinkPHP\Library\Think\Db\Driver\Mysql.class.php 第 52 行.
SQL: SHOW COLUMNS FROM `think_user` [ RunTime:0.002000s ]
NOTIC: [8] Use of undefined constant id - assumed 'id' E:\AppServ\www\demo2\Application\Home\Controller\UserController.class.php 第 11 行.
NOTIC: [8] Use of undefined constant id - assumed 'id' E:\AppServ\www\demo2\Application\Home\Controller\UserController.class.php 第 12 行.
NOTIC: [8] Use of undefined constant _logic - assumed '_logic' E:\AppServ\www\demo2\Application\Home\Controller\UserController.class.php 第 13 行.
SQL: SELECT * FROM `think_user` WHERE ( `id` = 2 )  [ RunTime:0.000000s ]
INFO: [ app_end ] --START--
INFO: Run Behavior\ShowPageTraceBehavior [ RunTime:0.001000s ]
INFO: [ app_end ] --END-- [ RunTime:0.001000s ]

[ 2017-03-24T14:09:35+08:00 ] ::1 /demo2/index.php/home/user/model
INFO: [ app_init ] --START--
INFO: Run Behavior\BuildLiteBehavior [ RunTime:0.000000s ]
INFO: [ app_init ] --END-- [ RunTime:0.001000s ]
INFO: [ app_begin ] --START--
INFO: Run Behavior\ReadHtmlCacheBehavior [ RunTime:0.001000s ]
INFO: [ app_begin ] --END-- [ RunTime:0.001000s ]
NOTIC: [8192] mysql_connect(): The mysql extension is deprecated and will be removed in the future: use mysqli or PDO instead E:\AppServ\www\demo2\ThinkPHP\Library\Think\Db\Driver\Mysql.class.php 第 52 行.
SQL: SHOW COLUMNS FROM `think_user` [ RunTime:0.003000s ]
NOTIC: [8] Use of undefined constant id - assumed 'id' E:\AppServ\www\demo2\Application\Home\Controller\UserController.class.php 第 11 行.
NOTIC: [8] Use of undefined constant id - assumed 'id' E:\AppServ\www\demo2\Application\Home\Controller\UserController.class.php 第 12 行.
NOTIC: [8] Use of undefined constant _logic - assumed '_logic' E:\AppServ\www\demo2\Application\Home\Controller\UserController.class.php 第 13 行.
SQL: SELECT * FROM `think_user` WHERE ( `id` = 2 )  [ RunTime:0.002000s ]
INFO: [ app_end ] --START--
INFO: Run Behavior\ShowPageTraceBehavior [ RunTime:0.002000s ]
INFO: [ app_end ] --END-- [ RunTime:0.002000s ]

[ 2017-03-24T14:09:36+08:00 ] ::1 /demo2/index.php/home/user/model
INFO: [ app_init ] --START--
INFO: Run Behavior\BuildLiteBehavior [ RunTime:0.000000s ]
INFO: [ app_init ] --END-- [ RunTime:0.000000s ]
INFO: [ app_begin ] --START--
INFO: Run Behavior\ReadHtmlCacheBehavior [ RunTime:0.000000s ]
INFO: [ app_begin ] --END-- [ RunTime:0.001000s ]
NOTIC: [8192] mysql_connect(): The mysql extension is deprecated and will be removed in the future: use mysqli or PDO instead E:\AppServ\www\demo2\ThinkPHP\Library\Think\Db\Driver\Mysql.class.php 第 52 行.
SQL: SHOW COLUMNS FROM `think_user` [ RunTime:0.003000s ]
NOTIC: [8] Use of undefined constant id - assumed 'id' E:\AppServ\www\demo2\Application\Home\Controller\UserController.class.php 第 11 行.
NOTIC: [8] Use of undefined constant id - assumed 'id' E:\AppServ\www\demo2\Application\Home\Controller\UserController.class.php 第 12 行.
NOTIC: [8] Use of undefined constant _logic - assumed '_logic' E:\AppServ\www\demo2\Application\Home\Controller\UserController.class.php 第 13 行.
SQL: SELECT * FROM `think_user` WHERE ( `id` = 2 )  [ RunTime:0.000000s ]
INFO: [ app_end ] --START--
INFO: Run Behavior\ShowPageTraceBehavior [ RunTime:0.000000s ]
INFO: [ app_end ] --END-- [ RunTime:0.001000s ]

[ 2017-03-24T14:09:36+08:00 ] ::1 /demo2/index.php/home/user/model
INFO: [ app_init ] --START--
INFO: Run Behavior\BuildLiteBehavior [ RunTime:0.000000s ]
INFO: [ app_init ] --END-- [ RunTime:0.000000s ]
INFO: [ app_begin ] --START--
INFO: Run Behavior\ReadHtmlCacheBehavior [ RunTime:0.001000s ]
INFO: [ app_begin ] --END-- [ RunTime:0.001000s ]
NOTIC: [8192] mysql_connect(): The mysql extension is deprecated and will be removed in the future: use mysqli or PDO instead E:\AppServ\www\demo2\ThinkPHP\Library\Think\Db\Driver\Mysql.class.php 第 52 行.
SQL: SHOW COLUMNS FROM `think_user` [ RunTime:0.001000s ]
NOTIC: [8] Use of undefined constant id - assumed 'id' E:\AppServ\www\demo2\Application\Home\Controller\UserController.class.php 第 11 行.
NOTIC: [8] Use of undefined constant id - assumed 'id' E:\AppServ\www\demo2\Application\Home\Controller\UserController.class.php 第 12 行.
NOTIC: [8] Use of undefined constant _logic - assumed '_logic' E:\AppServ\www\demo2\Application\Home\Controller\UserController.class.php 第 13 行.
SQL: SELECT * FROM `think_user` WHERE ( `id` = 2 )  [ RunTime:0.000000s ]
INFO: [ app_end ] --START--
INFO: Run Behavior\ShowPageTraceBehavior [ RunTime:0.001000s ]
INFO: [ app_end ] --END-- [ RunTime:0.001000s ]

[ 2017-03-24T14:09:37+08:00 ] ::1 /demo2/index.php/home/user/model
INFO: [ app_init ] --START--
INFO: Run Behavior\BuildLiteBehavior [ RunTime:0.000000s ]
INFO: [ app_init ] --END-- [ RunTime:0.000000s ]
INFO: [ app_begin ] --START--
INFO: Run Behavior\ReadHtmlCacheBehavior [ RunTime:0.000000s ]
INFO: [ app_begin ] --END-- [ RunTime:0.000000s ]
NOTIC: [8192] mysql_connect(): The mysql extension is deprecated and will be removed in the future: use mysqli or PDO instead E:\AppServ\www\demo2\ThinkPHP\Library\Think\Db\Driver\Mysql.class.php 第 52 行.
SQL: SHOW COLUMNS FROM `think_user` [ RunTime:0.001000s ]
NOTIC: [8] Use of undefined constant id - assumed 'id' E:\AppServ\www\demo2\Application\Home\Controller\UserController.class.php 第 11 行.
NOTIC: [8] Use of undefined constant id - assumed 'id' E:\AppServ\www\demo2\Application\Home\Controller\UserController.class.php 第 12 行.
NOTIC: [8] Use of undefined constant _logic - assumed '_logic' E:\AppServ\www\demo2\Application\Home\Controller\UserController.class.php 第 13 行.
SQL: SELECT * FROM `think_user` WHERE ( `id` = 2 )  [ RunTime:0.000000s ]
INFO: [ app_end ] --START--
INFO: Run Behavior\ShowPageTraceBehavior [ RunTime:0.001000s ]
INFO: [ app_end ] --END-- [ RunTime:0.001000s ]

[ 2017-03-24T14:09:49+08:00 ] ::1 /demo2/index.php/home/user/model
INFO: [ app_init ] --START--
INFO: Run Behavior\BuildLiteBehavior [ RunTime:0.000000s ]
INFO: [ app_init ] --END-- [ RunTime:0.000000s ]
INFO: [ app_begin ] --START--
INFO: Run Behavior\ReadHtmlCacheBehavior [ RunTime:0.001000s ]
INFO: [ app_begin ] --END-- [ RunTime:0.001000s ]
NOTIC: [8192] mysql_connect(): The mysql extension is deprecated and will be removed in the future: use mysqli or PDO instead E:\AppServ\www\demo2\ThinkPHP\Library\Think\Db\Driver\Mysql.class.php 第 52 行.
SQL: SHOW COLUMNS FROM `think_user` [ RunTime:0.001000s ]
NOTIC: [8] Use of undefined constant id - assumed 'id' E:\AppServ\www\demo2\Application\Home\Controller\UserController.class.php 第 11 行.
NOTIC: [8] Use of undefined constant id - assumed 'id' E:\AppServ\www\demo2\Application\Home\Controller\UserController.class.php 第 12 行.
NOTIC: [8] Use of undefined constant _logic - assumed '_logic' E:\AppServ\www\demo2\Application\Home\Controller\UserController.class.php 第 13 行.
SQL: SELECT * FROM `think_user` WHERE ( `id` = 2 )  [ RunTime:0.002000s ]
NOTIC: [8] Use of undefined constant id - assumed 'id' E:\AppServ\www\demo2\Application\Home\Controller\UserController.class.php 第 15 行.
INFO: [ app_end ] --START--
INFO: Run Behavior\ShowPageTraceBehavior [ RunTime:0.001000s ]
INFO: [ app_end ] --END-- [ RunTime:0.001000s ]

[ 2017-03-24T14:09:50+08:00 ] ::1 /demo2/index.php/home/user/model
INFO: [ app_init ] --START--
INFO: Run Behavior\BuildLiteBehavior [ RunTime:0.000000s ]
INFO: [ app_init ] --END-- [ RunTime:0.001000s ]
INFO: [ app_begin ] --START--
INFO: Run Behavior\ReadHtmlCacheBehavior [ RunTime:0.001000s ]
INFO: [ app_begin ] --END-- [ RunTime:0.001000s ]
NOTIC: [8192] mysql_connect(): The mysql extension is deprecated and will be removed in the future: use mysqli or PDO instead E:\AppServ\www\demo2\ThinkPHP\Library\Think\Db\Driver\Mysql.class.php 第 52 行.
SQL: SHOW COLUMNS FROM `think_user` [ RunTime:0.001000s ]
NOTIC: [8] Use of undefined constant id - assumed 'id' E:\AppServ\www\demo2\Application\Home\Controller\UserController.class.php 第 11 行.
NOTIC: [8] Use of undefined constant id - assumed 'id' E:\AppServ\www\demo2\Application\Home\Controller\UserController.class.php 第 12 行.
NOTIC: [8] Use of undefined constant _logic - assumed '_logic' E:\AppServ\www\demo2\Application\Home\Controller\UserController.class.php 第 13 行.
SQL: SELECT * FROM `think_user` WHERE ( `id` = 2 )  [ RunTime:0.000000s ]
NOTIC: [8] Use of undefined constant id - assumed 'id' E:\AppServ\www\demo2\Application\Home\Controller\UserController.class.php 第 15 行.
INFO: [ app_end ] --START--
INFO: Run Behavior\ShowPageTraceBehavior [ RunTime:0.000000s ]
INFO: [ app_end ] --END-- [ RunTime:0.000000s ]

[ 2017-03-24T14:09:50+08:00 ] ::1 /demo2/index.php/home/user/model
INFO: [ app_init ] --START--
INFO: Run Behavior\BuildLiteBehavior [ RunTime:0.000000s ]
INFO: [ app_init ] --END-- [ RunTime:0.001000s ]
INFO: [ app_begin ] --START--
INFO: Run Behavior\ReadHtmlCacheBehavior [ RunTime:0.001000s ]
INFO: [ app_begin ] --END-- [ RunTime:0.001000s ]
NOTIC: [8192] mysql_connect(): The mysql extension is deprecated and will be removed in the future: use mysqli or PDO instead E:\AppServ\www\demo2\ThinkPHP\Library\Think\Db\Driver\Mysql.class.php 第 52 行.
SQL: SHOW COLUMNS FROM `think_user` [ RunTime:0.001000s ]
NOTIC: [8] Use of undefined constant id - assumed 'id' E:\AppServ\www\demo2\Application\Home\Controller\UserController.class.php 第 11 行.
NOTIC: [8] Use of undefined constant id - assumed 'id' E:\AppServ\www\demo2\Application\Home\Controller\UserController.class.php 第 12 行.
NOTIC: [8] Use of undefined constant _logic - assumed '_logic' E:\AppServ\www\demo2\Application\Home\Controller\UserController.class.php 第 13 行.
SQL: SELECT * FROM `think_user` WHERE ( `id` = 2 )  [ RunTime:0.000000s ]
NOTIC: [8] Use of undefined constant id - assumed 'id' E:\AppServ\www\demo2\Application\Home\Controller\UserController.class.php 第 15 行.
INFO: [ app_end ] --START--
INFO: Run Behavior\ShowPageTraceBehavior [ RunTime:0.001000s ]
INFO: [ app_end ] --END-- [ RunTime:0.001000s ]

[ 2017-03-24T14:10:33+08:00 ] ::1 /demo2/index.php/home/user/model
INFO: [ app_init ] --START--
INFO: Run Behavior\BuildLiteBehavior [ RunTime:0.000000s ]
INFO: [ app_init ] --END-- [ RunTime:0.001000s ]
INFO: [ app_begin ] --START--
INFO: Run Behavior\ReadHtmlCacheBehavior [ RunTime:0.001000s ]
INFO: [ app_begin ] --END-- [ RunTime:0.001000s ]
NOTIC: [8192] mysql_connect(): The mysql extension is deprecated and will be removed in the future: use mysqli or PDO instead E:\AppServ\www\demo2\ThinkPHP\Library\Think\Db\Driver\Mysql.class.php 第 52 行.
SQL: SHOW COLUMNS FROM `think_user` [ RunTime:0.001000s ]
NOTIC: [8] Use of undefined constant id - assumed 'id' E:\AppServ\www\demo2\Application\Home\Controller\UserController.class.php 第 11 行.
NOTIC: [8] Use of undefined constant id - assumed 'id' E:\AppServ\www\demo2\Application\Home\Controller\UserController.class.php 第 12 行.
NOTIC: [8] Use of undefined constant _logic - assumed '_logic' E:\AppServ\www\demo2\Application\Home\Controller\UserController.class.php 第 13 行.
SQL: SELECT * FROM `think_user` WHERE ( `id` = 2 )  [ RunTime:0.000000s ]
NOTIC: [8] Use of undefined constant id - assumed 'id' E:\AppServ\www\demo2\Application\Home\Controller\UserController.class.php 第 15 行.
INFO: [ app_end ] --START--
INFO: Run Behavior\ShowPageTraceBehavior [ RunTime:0.001000s ]
INFO: [ app_end ] --END-- [ RunTime:0.001000s ]

[ 2017-03-24T14:10:34+08:00 ] ::1 /demo2/index.php/home/user/model
INFO: [ app_init ] --START--
INFO: Run Behavior\BuildLiteBehavior [ RunTime:0.000000s ]
INFO: [ app_init ] --END-- [ RunTime:0.000000s ]
INFO: [ app_begin ] --START--
INFO: Run Behavior\ReadHtmlCacheBehavior [ RunTime:0.000000s ]
INFO: [ app_begin ] --END-- [ RunTime:0.000000s ]
NOTIC: [8192] mysql_connect(): The mysql extension is deprecated and will be removed in the future: use mysqli or PDO instead E:\AppServ\www\demo2\ThinkPHP\Library\Think\Db\Driver\Mysql.class.php 第 52 行.
SQL: SHOW COLUMNS FROM `think_user` [ RunTime:0.000000s ]
NOTIC: [8] Use of undefined constant id - assumed 'id' E:\AppServ\www\demo2\Application\Home\Controller\UserController.class.php 第 11 行.
NOTIC: [8] Use of undefined constant id - assumed 'id' E:\AppServ\www\demo2\Application\Home\Controller\UserController.class.php 第 12 行.
NOTIC: [8] Use of undefined constant _logic - assumed '_logic' E:\AppServ\www\demo2\Application\Home\Controller\UserController.class.php 第 13 行.
SQL: SELECT * FROM `think_user` WHERE ( `id` = 2 )  [ RunTime:0.000000s ]
NOTIC: [8] Use of undefined constant id - assumed 'id' E:\AppServ\www\demo2\Application\Home\Controller\UserController.class.php 第 15 行.
INFO: [ app_end ] --START--
INFO: Run Behavior\ShowPageTraceBehavior [ RunTime:0.001000s ]
INFO: [ app_end ] --END-- [ RunTime:0.001000s ]

[ 2017-03-24T14:10:34+08:00 ] ::1 /demo2/index.php/home/user/model
INFO: [ app_init ] --START--
INFO: Run Behavior\BuildLiteBehavior [ RunTime:0.000000s ]
INFO: [ app_init ] --END-- [ RunTime:0.001000s ]
INFO: [ app_begin ] --START--
INFO: Run Behavior\ReadHtmlCacheBehavior [ RunTime:0.002000s ]
INFO: [ app_begin ] --END-- [ RunTime:0.002000s ]
NOTIC: [8192] mysql_connect(): The mysql extension is deprecated and will be removed in the future: use mysqli or PDO instead E:\AppServ\www\demo2\ThinkPHP\Library\Think\Db\Driver\Mysql.class.php 第 52 行.
SQL: SHOW COLUMNS FROM `think_user` [ RunTime:0.000000s ]
NOTIC: [8] Use of undefined constant id - assumed 'id' E:\AppServ\www\demo2\Application\Home\Controller\UserController.class.php 第 11 行.
NOTIC: [8] Use of undefined constant id - assumed 'id' E:\AppServ\www\demo2\Application\Home\Controller\UserController.class.php 第 12 行.
NOTIC: [8] Use of undefined constant _logic - assumed '_logic' E:\AppServ\www\demo2\Application\Home\Controller\UserController.class.php 第 13 行.
SQL: SELECT * FROM `think_user` WHERE ( `id` = 2 )  [ RunTime:0.000000s ]
NOTIC: [8] Use of undefined constant id - assumed 'id' E:\AppServ\www\demo2\Application\Home\Controller\UserController.class.php 第 15 行.
INFO: [ app_end ] --START--
INFO: Run Behavior\ShowPageTraceBehavior [ RunTime:0.001000s ]
INFO: [ app_end ] --END-- [ RunTime:0.001000s ]

[ 2017-03-24T15:24:21+08:00 ] ::1 /demo2/index.php/home/user/model
ERR: Think\Model:creat方法不存在！

[ 2017-03-24T15:33:53+08:00 ] ::1 /demo2/index.php/home/user/model
INFO: [ app_begin ] --START--
INFO: Run Behavior\ReadHtmlCacheBehavior [ RunTime:0.001000s ]
INFO: [ app_begin ] --END-- [ RunTime:0.001000s ]
NOTIC: [8192] mysql_connect(): The mysql extension is deprecated and will be removed in the future: use mysqli or PDO instead E:\AppServ\www\demo2\ThinkPHP\Library\Think\Db\Driver\Mysql.class.php 第 52 行.
SQL: SHOW COLUMNS FROM `think_user` [ RunTime:0.004001s ]
INFO: [ app_end ] --START--
INFO: Run Behavior\ShowPageTraceBehavior [ RunTime:0.001000s ]
INFO: [ app_end ] --END-- [ RunTime:0.001000s ]

[ 2017-03-24T15:35:14+08:00 ] ::1 /demo2/index.php/home/user/model
INFO: [ app_begin ] --START--
INFO: Run Behavior\ReadHtmlCacheBehavior [ RunTime:0.001000s ]
INFO: [ app_begin ] --END-- [ RunTime:0.002001s ]
NOTIC: [8192] mysql_connect(): The mysql extension is deprecated and will be removed in the future: use mysqli or PDO instead E:\AppServ\www\demo2\ThinkPHP\Library\Think\Db\Driver\Mysql.class.php 第 52 行.
SQL: SHOW COLUMNS FROM `think_user` [ RunTime:0.002000s ]
INFO: [ app_end ] --START--
INFO: Run Behavior\ShowPageTraceBehavior [ RunTime:0.001000s ]
INFO: [ app_end ] --END-- [ RunTime:0.001000s ]

[ 2017-03-24T15:36:09+08:00 ] ::1 /demo2/index.php/home/user/model
INFO: [ app_begin ] --START--
INFO: Run Behavior\ReadHtmlCacheBehavior [ RunTime:0.001000s ]
INFO: [ app_begin ] --END-- [ RunTime:0.001000s ]
NOTIC: [8192] mysql_connect(): The mysql extension is deprecated and will be removed in the future: use mysqli or PDO instead E:\AppServ\www\demo2\ThinkPHP\Library\Think\Db\Driver\Mysql.class.php 第 52 行.
SQL: SHOW COLUMNS FROM `think_user` [ RunTime:0.001001s ]
INFO: [ app_end ] --START--
INFO: Run Behavior\ShowPageTraceBehavior [ RunTime:0.001000s ]
INFO: [ app_end ] --END-- [ RunTime:0.001000s ]

[ 2017-03-24T15:44:15+08:00 ] ::1 /demo2/index.php/home/user/model
INFO: [ app_begin ] --START--
INFO: Run Behavior\ReadHtmlCacheBehavior [ RunTime:0.001001s ]
INFO: [ app_begin ] --END-- [ RunTime:0.001001s ]
NOTIC: [8192] mysql_connect(): The mysql extension is deprecated and will be removed in the future: use mysqli or PDO instead E:\AppServ\www\demo2\ThinkPHP\Library\Think\Db\Driver\Mysql.class.php 第 52 行.
SQL: SHOW COLUMNS FROM `think_user` [ RunTime:0.001000s ]

[ 2017-03-24T15:46:34+08:00 ] ::1 /demo2/index.php/home/user/model
INFO: [ app_begin ] --START--
INFO: Run Behavior\ReadHtmlCacheBehavior [ RunTime:0.001000s ]
INFO: [ app_begin ] --END-- [ RunTime:0.001000s ]
NOTIC: [8192] mysql_connect(): The mysql extension is deprecated and will be removed in the future: use mysqli or PDO instead E:\AppServ\www\demo2\ThinkPHP\Library\Think\Db\Driver\Mysql.class.php 第 52 行.
SQL: SHOW COLUMNS FROM `think_user` [ RunTime:0.001000s ]
NOTIC: [8] Undefined index: user E:\AppServ\www\demo2\Application\Home\Controller\UserController.class.php 第 11 行.
NOTIC: [8] Undefined index: email E:\AppServ\www\demo2\Application\Home\Controller\UserController.class.php 第 12 行.
NOTIC: [8] Undefined index: date E:\AppServ\www\demo2\Application\Home\Controller\UserController.class.php 第 13 行.
INFO: [ app_end ] --START--
INFO: Run Behavior\ShowPageTraceBehavior [ RunTime:0.001000s ]
INFO: [ app_end ] --END-- [ RunTime:0.001000s ]

[ 2017-03-24T17:46:32+08:00 ] ::1 /demo2/index.php/home/user/delete
ERR: 非法操作:delete

